[0mGET / [36m304 [0m27.391 ms - -[0m
[0mGET /about [33m404 [0m10.149 ms - 144[0m
[0mGET /api/products [36m304 [0m474.159 ms - -[0m
::1 - - [07/Feb/2018:02:09:00 +0000] "GET /api/products HTTP/1.1" 304 - "-" "Mozilla/5.0 (Windows NT 10.0; Win64; x64) AppleWebKit/537.36 (KHTML, like Gecko) Chrome/64.0.3282.140 Safari/537.36"
::1 - - [07/Feb/2018:02:11:44 +0000] "POST /api/users/signup HTTP/1.1" 201 129 "-" "Mozilla/5.0 (Windows NT 10.0; Win64; x64) AppleWebKit/537.36 (KHTML, like Gecko) Chrome/64.0.3282.140 Safari/537.36"
::1 - - [07/Feb/2018:02:11:50 +0000] "POST /api/users/signup HTTP/1.1" 500 38 "-" "Mozilla/5.0 (Windows NT 10.0; Win64; x64) AppleWebKit/537.36 (KHTML, like Gecko) Chrome/64.0.3282.140 Safari/537.36"
::1 - - [07/Feb/2018:02:15:14 +0000] "POST /api/users/signup HTTP/1.1" 500 38 "-" "Mozilla/5.0 (Windows NT 10.0; Win64; x64) AppleWebKit/537.36 (KHTML, like Gecko) Chrome/64.0.3282.140 Safari/537.36"
::1 - - [07/Feb/2018:02:20:40 +0000] "POST /api/users/signup HTTP/1.1" 500 38 "-" "Mozilla/5.0 (Windows NT 10.0; Win64; x64) AppleWebKit/537.36 (KHTML, like Gecko) Chrome/64.0.3282.140 Safari/537.36"
::1 - - [07/Feb/2018:02:22:50 +0000] "POST /api/users/signup HTTP/1.1" 500 38 "-" "Mozilla/5.0 (Windows NT 10.0; Win64; x64) AppleWebKit/537.36 (KHTML, like Gecko) Chrome/64.0.3282.140 Safari/537.36"
::1 - - [07/Feb/2018:02:24:07 +0000] "GET /api/products HTTP/1.1" 304 - "-" "Mozilla/5.0 (Windows NT 10.0; Win64; x64) AppleWebKit/537.36 (KHTML, like Gecko) Chrome/64.0.3282.140 Safari/537.36"
::1 - - [07/Feb/2018:02:24:47 +0000] "GET /api/products HTTP/1.1" 304 - "-" "Mozilla/5.0 (Windows NT 10.0; Win64; x64) AppleWebKit/537.36 (KHTML, like Gecko) Chrome/64.0.3282.140 Safari/537.36"
::1 - - [08/Feb/2018:01:35:57 +0000] "GET / HTTP/1.1" 304 - "-" "Mozilla/5.0 (Windows NT 10.0; Win64; x64) AppleWebKit/537.36 (KHTML, like Gecko) Chrome/64.0.3282.140 Safari/537.36"
::1 - - [08/Feb/2018:01:36:01 +0000] "GET /api/products HTTP/1.1" 304 - "-" "Mozilla/5.0 (Windows NT 10.0; Win64; x64) AppleWebKit/537.36 (KHTML, like Gecko) Chrome/64.0.3282.140 Safari/537.36"
::1 - - [08/Feb/2018:01:36:02 +0000] "GET /favicon.ico HTTP/1.1" 404 150 "http://localhost:4000/api/products" "Mozilla/5.0 (Windows NT 10.0; Win64; x64) AppleWebKit/537.36 (KHTML, like Gecko) Chrome/64.0.3282.140 Safari/537.36"
::1 - - [08/Feb/2018:01:36:17 +0000] "GET /api/products/5a7a5994c1661bc644367add HTTP/1.1" 304 - "-" "Mozilla/5.0 (Windows NT 10.0; Win64; x64) AppleWebKit/537.36 (KHTML, like Gecko) Chrome/64.0.3282.140 Safari/537.36"
::1 - - [08/Feb/2018:02:00:22 +0000] "GET /api/products/5a7a599bc1661bc644367ade HTTP/1.1" 200 144 "-" "Mozilla/5.0 (Windows NT 10.0; Win64; x64) AppleWebKit/537.36 (KHTML, like Gecko) Chrome/64.0.3282.140 Safari/537.36"
::1 - - [08/Feb/2018:02:01:02 +0000] "POST /api/products/reviews HTTP/1.1" 201 212 "-" "Mozilla/5.0 (Windows NT 10.0; Win64; x64) AppleWebKit/537.36 (KHTML, like Gecko) Chrome/64.0.3282.140 Safari/537.36"
::1 - - [08/Feb/2018:02:01:13 +0000] "POST /api/products/reviews HTTP/1.1" 201 211 "-" "Mozilla/5.0 (Windows NT 10.0; Win64; x64) AppleWebKit/537.36 (KHTML, like Gecko) Chrome/64.0.3282.140 Safari/537.36"
::1 - - [08/Feb/2018:02:01:54 +0000] "GET /api/products/5a7a5994c1661bc644367add HTTP/1.1" 304 - "-" "Mozilla/5.0 (Windows NT 10.0; Win64; x64) AppleWebKit/537.36 (KHTML, like Gecko) Chrome/64.0.3282.140 Safari/537.36"
::1 - - [08/Feb/2018:02:13:33 +0000] "GET /api/products/5a7a5994c1661bc644367add HTTP/1.1" 304 - "-" "Mozilla/5.0 (Windows NT 10.0; Win64; x64) AppleWebKit/537.36 (KHTML, like Gecko) Chrome/64.0.3282.140 Safari/537.36"
::1 - - [08/Feb/2018:02:13:52 +0000] "GET /api/products/5a7a5994c1661bc644367add HTTP/1.1" 304 - "-" "Mozilla/5.0 (Windows NT 10.0; Win64; x64) AppleWebKit/537.36 (KHTML, like Gecko) Chrome/64.0.3282.140 Safari/537.36"
::1 - - [08/Feb/2018:02:14:37 +0000] "GET /api/products/5a7a5994c1661bc644367add HTTP/1.1" 304 - "-" "Mozilla/5.0 (Windows NT 10.0; Win64; x64) AppleWebKit/537.36 (KHTML, like Gecko) Chrome/64.0.3282.140 Safari/537.36"
::1 - - [08/Feb/2018:02:14:59 +0000] "GET /api/products/5a7a5994c1661bc644367add HTTP/1.1" 304 - "-" "Mozilla/5.0 (Windows NT 10.0; Win64; x64) AppleWebKit/537.36 (KHTML, like Gecko) Chrome/64.0.3282.140 Safari/537.36"
::1 - - [08/Feb/2018:02:15:10 +0000] "GET /api/products/5a7a599bc1661bc644367ade HTTP/1.1" 200 552 "-" "Mozilla/5.0 (Windows NT 10.0; Win64; x64) AppleWebKit/537.36 (KHTML, like Gecko) Chrome/64.0.3282.140 Safari/537.36"
::1 - - [08/Feb/2018:02:15:21 +0000] "GET /api/products/5a7a59a6c1661bc644367ae0 HTTP/1.1" 200 143 "-" "Mozilla/5.0 (Windows NT 10.0; Win64; x64) AppleWebKit/537.36 (KHTML, like Gecko) Chrome/64.0.3282.140 Safari/537.36"
::1 - - [08/Feb/2018:02:16:05 +0000] "GET /api/products/5a7a59a6c1661bc644367ae0 HTTP/1.1" 304 - "-" "Mozilla/5.0 (Windows NT 10.0; Win64; x64) AppleWebKit/537.36 (KHTML, like Gecko) Chrome/64.0.3282.140 Safari/537.36"
::1 - - [08/Feb/2018:02:16:12 +0000] "GET /api/products/5a7a5994c1661bc644367add HTTP/1.1" 200 568 "-" "Mozilla/5.0 (Windows NT 10.0; Win64; x64) AppleWebKit/537.36 (KHTML, like Gecko) Chrome/64.0.3282.140 Safari/537.36"
::1 - - [08/Feb/2018:02:24:20 +0000] "GET / HTTP/1.1" 200 22 "-" "Mozilla/5.0 (Windows NT 10.0; Win64; x64) AppleWebKit/537.36 (KHTML, like Gecko) Chrome/64.0.3282.140 Safari/537.36"
::1 - - [08/Feb/2018:02:24:30 +0000] "GET / HTTP/1.1" 200 22 "-" "Mozilla/5.0 (Windows NT 10.0; Win64; x64) AppleWebKit/537.36 (KHTML, like Gecko) Chrome/64.0.3282.140 Safari/537.36"
::1 - - [09/Feb/2018:01:30:56 +0000] "GET /api/products HTTP/1.1" 304 - "-" "Mozilla/5.0 (Windows NT 10.0; Win64; x64) AppleWebKit/537.36 (KHTML, like Gecko) Chrome/64.0.3282.140 Safari/537.36"
::1 - - [09/Feb/2018:01:30:56 +0000] "GET /favicon.ico HTTP/1.1" 404 150 "http://localhost:4000/api/products" "Mozilla/5.0 (Windows NT 10.0; Win64; x64) AppleWebKit/537.36 (KHTML, like Gecko) Chrome/64.0.3282.140 Safari/537.36"
::1 - - [09/Feb/2018:01:39:57 +0000] "POST /upload HTTP/1.1" 201 8 "-" "Mozilla/5.0 (Windows NT 10.0; Win64; x64) AppleWebKit/537.36 (KHTML, like Gecko) Chrome/64.0.3282.140 Safari/537.36"
::1 - - [09/Feb/2018:01:40:50 +0000] "POST /upload HTTP/1.1" 201 8 "-" "Mozilla/5.0 (Windows NT 10.0; Win64; x64) AppleWebKit/537.36 (KHTML, like Gecko) Chrome/64.0.3282.140 Safari/537.36"
::1 - - [09/Feb/2018:01:44:34 +0000] "POST /upload HTTP/1.1" 201 8 "-" "Mozilla/5.0 (Windows NT 10.0; Win64; x64) AppleWebKit/537.36 (KHTML, like Gecko) Chrome/64.0.3282.140 Safari/537.36"
::1 - - [09/Feb/2018:01:46:55 +0000] "POST /upload HTTP/1.1" 201 34 "-" "Mozilla/5.0 (Windows NT 10.0; Win64; x64) AppleWebKit/537.36 (KHTML, like Gecko) Chrome/64.0.3282.140 Safari/537.36"
::1 - - [09/Feb/2018:01:51:24 +0000] "POST /upload HTTP/1.1" 404 146 "-" "Mozilla/5.0 (Windows NT 10.0; Win64; x64) AppleWebKit/537.36 (KHTML, like Gecko) Chrome/64.0.3282.140 Safari/537.36"
::1 - - [09/Feb/2018:01:51:34 +0000] "POST /api/products HTTP/1.1" 500 245 "-" "Mozilla/5.0 (Windows NT 10.0; Win64; x64) AppleWebKit/537.36 (KHTML, like Gecko) Chrome/64.0.3282.140 Safari/537.36"
::1 - - [09/Feb/2018:01:51:52 +0000] "POST /api/products HTTP/1.1" 201 141 "-" "Mozilla/5.0 (Windows NT 10.0; Win64; x64) AppleWebKit/537.36 (KHTML, like Gecko) Chrome/64.0.3282.140 Safari/537.36"
::1 - - [09/Feb/2018:01:52:03 +0000] "GET /api/products HTTP/1.1" 200 1370 "-" "Mozilla/5.0 (Windows NT 10.0; Win64; x64) AppleWebKit/537.36 (KHTML, like Gecko) Chrome/64.0.3282.140 Safari/537.36"
::1 - - [09/Feb/2018:01:54:40 +0000] "POST /api/products HTTP/1.1" 201 177 "-" "Mozilla/5.0 (Windows NT 10.0; Win64; x64) AppleWebKit/537.36 (KHTML, like Gecko) Chrome/64.0.3282.140 Safari/537.36"
::1 - - [09/Feb/2018:01:54:49 +0000] "GET /api/products HTTP/1.1" 200 1405 "-" "Mozilla/5.0 (Windows NT 10.0; Win64; x64) AppleWebKit/537.36 (KHTML, like Gecko) Chrome/64.0.3282.140 Safari/537.36"
::1 - - [09/Feb/2018:01:57:18 +0000] "GET / HTTP/1.1" 200 22 "-" "Mozilla/5.0 (Windows NT 10.0; Win64; x64) AppleWebKit/537.36 (KHTML, like Gecko) Chrome/64.0.3282.140 Safari/537.36"
::1 - - [09/Feb/2018:01:57:21 +0000] "GET /uploads/1518141279908-samsung.jpg HTTP/1.1" 404 172 "-" "Mozilla/5.0 (Windows NT 10.0; Win64; x64) AppleWebKit/537.36 (KHTML, like Gecko) Chrome/64.0.3282.140 Safari/537.36"
::1 - - [09/Feb/2018:01:57:25 +0000] "GET /1518141279908-samsung.jpg HTTP/1.1" 404 164 "-" "Mozilla/5.0 (Windows NT 10.0; Win64; x64) AppleWebKit/537.36 (KHTML, like Gecko) Chrome/64.0.3282.140 Safari/537.36"
::1 - - [09/Feb/2018:02:00:00 +0000] "GET /api/products HTTP/1.1" 200 1625 "-" "Mozilla/5.0 (Windows NT 10.0; Win64; x64) AppleWebKit/537.36 (KHTML, like Gecko) Chrome/64.0.3282.140 Safari/537.36"
::1 - - [09/Feb/2018:02:00:22 +0000] "GET /api/products HTTP/1.1" 200 1805 "-" "Mozilla/5.0 (Windows NT 10.0; Win64; x64) AppleWebKit/537.36 (KHTML, like Gecko) Chrome/64.0.3282.140 Safari/537.36"
::1 - - [09/Feb/2018:02:00:30 +0000] "GET /undefined HTTP/1.1" 404 148 "http://localhost:4000/api/products" "Mozilla/5.0 (Windows NT 10.0; Win64; x64) AppleWebKit/537.36 (KHTML, like Gecko) Chrome/64.0.3282.140 Safari/537.36"
::1 - - [09/Feb/2018:02:00:59 +0000] "GET /api/products HTTP/1.1" 304 - "-" "Mozilla/5.0 (Windows NT 10.0; Win64; x64) AppleWebKit/537.36 (KHTML, like Gecko) Chrome/64.0.3282.140 Safari/537.36"
::1 - - [09/Feb/2018:02:01:06 +0000] "GET /api/products HTTP/1.1" 304 - "-" "Mozilla/5.0 (Windows NT 10.0; Win64; x64) AppleWebKit/537.36 (KHTML, like Gecko) Chrome/64.0.3282.140 Safari/537.36"
::1 - - [09/Feb/2018:02:01:20 +0000] "GET /api/products HTTP/1.1" 200 1427 "-" "Mozilla/5.0 (Windows NT 10.0; Win64; x64) AppleWebKit/537.36 (KHTML, like Gecko) Chrome/64.0.3282.140 Safari/537.36"
::1 - - [09/Feb/2018:02:01:54 +0000] "POST /api/products HTTP/1.1" 201 180 "-" "Mozilla/5.0 (Windows NT 10.0; Win64; x64) AppleWebKit/537.36 (KHTML, like Gecko) Chrome/64.0.3282.140 Safari/537.36"
::1 - - [09/Feb/2018:02:01:58 +0000] "GET /api/products HTTP/1.1" 200 1487 "-" "Mozilla/5.0 (Windows NT 10.0; Win64; x64) AppleWebKit/537.36 (KHTML, like Gecko) Chrome/64.0.3282.140 Safari/537.36"
